/*C12*/SET SCHEMA PUBLIC
DELETE FROM DATABASECHANGELOGLOCK WHERE ID=1
INSERT INTO DATABASECHANGELOGLOCK VALUES(1,TRUE,'2019-07-16 18:45:11.284000','LAPTOP-HN641DH3 (192.168.2.60)')
COMMIT
DELETE FROM DATABASECHANGELOGLOCK WHERE ID=1
INSERT INTO DATABASECHANGELOGLOCK VALUES(1,FALSE,NULL,NULL)
COMMIT
drop table atlassian_host if exists
drop table user if exists
create table atlassian_host (client_key varchar(255) not null, addon_installed boolean not null, base_url varchar(255), created_by varchar(255), created_date timestamp, description varchar(255), last_modified_by varchar(255), last_modified_date timestamp, oauth_client_id varchar(255), product_type varchar(255), public_key varchar(512), service_entitlement_number varchar(255), shared_secret varchar(255), primary key (client_key))
create table user (id bigint generated by default as identity (start with 1), email varchar(255), name varchar(255), primary key (id))
drop table atlassian_host if exists
drop table user if exists
DISCONNECT
/*C11*/SET SCHEMA PUBLIC
DISCONNECT
/*C10*/SET SCHEMA PUBLIC
DISCONNECT
/*C9*/SET SCHEMA PUBLIC
DISCONNECT
/*C8*/SET SCHEMA PUBLIC
DISCONNECT
/*C7*/SET SCHEMA PUBLIC
DISCONNECT
/*C6*/SET SCHEMA PUBLIC
DISCONNECT
/*C5*/SET SCHEMA PUBLIC
DISCONNECT
/*C4*/SET SCHEMA PUBLIC
DISCONNECT
/*C3*/SET SCHEMA PUBLIC
DISCONNECT
